#
# A fatal error has been detected by the Java Runtime Environment:
#
#  EXCEPTION_ACCESS_VIOLATION (0xc0000005) at pc=0x00000000729605a4, pid=12576, tid=0x00000000000019dc
#
# JRE version: Java(TM) SE Runtime Environment (8.0_111-b14) (build 1.8.0_111-b14)
# Java VM: Java HotSpot(TM) 64-Bit Server VM (25.111-b14 mixed mode windows-amd64 compressed oops)
# Problematic frame:
# C  [awt.dll+0xd05a4]
#
# Failed to write core dump. Minidumps are not enabled by default on client versions of Windows
#
# If you would like to submit a bug report, please visit:
#   http://bugreport.java.com/bugreport/crash.jsp
# The crash happened outside the Java Virtual Machine in native code.
# See problematic frame for where to report the bug.
#

---------------  T H R E A D  ---------------

Current thread (0x000000001d0d3800):  JavaThread "AWT-EventQueue-0" [_thread_in_native, id=6620, stack(0x000000001e860000,0x000000001e960000)]

siginfo: ExceptionCode=0xc0000005, reading address 0x0000000000000008

Registers:
RAX=0x000000000000000d, RBX=0x000000001d0d39f8, RCX=0x0000000000000000, RDX=0x0000000014012b97
RSP=0x000000001e95c078, RBP=0x000000001d0d39f8, RSI=0x000000002015a590, RDI=0x000000001d1d30c0
R8 =0x00000000000082c5, R9 =0x0000000003060000, R10=0x0000000000142b97, R11=0x0000000000000246
R12=0x0000000014012b97, R13=0x0000000000000000, R14=0x000000001e95c810, R15=0x000000001d0d3800
RIP=0x00000000729605a4, EFLAGS=0x0000000000010202

Top of Stack: (sp=0x000000001e95c078)
0x000000001e95c078:   00000000728c75f1 000000001d0d39f8
0x000000001e95c088:   000000002015a590 000000000049414e
0x000000001e95c098:   000000000049414e 0000000000000000
0x000000001e95c0a8:   000000002015a590 000000001e95c800
0x000000001e95c0b8:   00000000728fbf65 000000001d0d39f8
0x000000001e95c0c8:   0000000000000000 000000001e95c101
0x000000001e95c0d8:   000000001e95c130 000000001fc677f0
0x000000001e95c0e8:   00000000728c3e42 000000001e95c800
0x000000001e95c0f8:   000000001e95c1f0 000000001d0d39f8
0x000000001e95c108:   0000000081d7b3b0 0000000005997fa4
0x000000001e95c118:   0000000000000000 0000000000000000
0x000000001e95c128:   00000000d68a8168 0000000081d7b3b0
0x000000001e95c138:   0000000005998bec 000000001e95c1c8
0x000000001e95c148:   0000000004ef835d 0000000000000171
0x000000001e95c158:   000000000000052f 0000000000000000
0x000000001e95c168:   000000001e95c7f8 000000001d0d39f8 

Instructions: (pc=0x00000000729605a4)
0x0000000072960584:   41 5e 41 5d 41 5c 5f c3 48 8b 41 08 48 05 00 04
0x0000000072960594:   00 00 c3 cc 48 8b 41 08 48 8b 80 18 0c 00 00 c3
0x00000000729605a4:   48 8b 49 08 48 85 c9 74 05 e9 f6 a7 fe ff 33 c0
0x00000000729605b4:   c3 cc cc cc 48 83 ec 28 48 8b 49 08 48 85 c9 74 


Register to memory mapping:

RAX=0x000000000000000d is an unknown value
RBX=0x000000001d0d39f8 is an unknown value
RCX=0x0000000000000000 is an unknown value
RDX=0x0000000014012b97 is an unknown value
RSP=0x000000001e95c078 is pointing into the stack for thread: 0x000000001d0d3800
RBP=0x000000001d0d39f8 is an unknown value
RSI=0x000000002015a590 is an unknown value
RDI=0x000000001d1d30c0 is an unknown value
R8 =0x00000000000082c5 is an unknown value
R9 =0x0000000003060000 is an unknown value
R10=0x0000000000142b97 is an unknown value
R11=0x0000000000000246 is an unknown value
R12=0x0000000014012b97 is an unknown value
R13=0x0000000000000000 is an unknown value
R14=0x000000001e95c810 is pointing into the stack for thread: 0x000000001d0d3800
R15=0x000000001d0d3800 is a thread


Stack: [0x000000001e860000,0x000000001e960000],  sp=0x000000001e95c078,  free space=1008k
Native frames: (J=compiled Java code, j=interpreted, Vv=VM code, C=native code)
C  [awt.dll+0xd05a4]

Java frames: (J=compiled Java code, j=interpreted, Vv=VM code)
j  sun.java2d.windows.GDIBlitLoops.nativeBlit(Lsun/java2d/SurfaceData;Lsun/java2d/SurfaceData;Lsun/java2d/pipe/Region;IIIIIIIIIZ)V+0
j  sun.java2d.windows.GDIBlitLoops.Blit(Lsun/java2d/SurfaceData;Lsun/java2d/SurfaceData;Ljava/awt/Composite;Lsun/java2d/pipe/Region;IIIIII)V+33
J 834 C1 sun.java2d.pipe.DrawImage.blitSurfaceData(Lsun/java2d/SunGraphics2D;Lsun/java2d/pipe/Region;Lsun/java2d/SurfaceData;Lsun/java2d/SurfaceData;Lsun/java2d/loops/SurfaceType;Lsun/java2d/loops/SurfaceType;IIIIIILjava/awt/Color;)V (145 bytes) @ 0x00000000051ca544 [0x00000000051c9720+0xe24]
J 833 C1 sun.java2d.pipe.DrawImage.renderImageCopy(Lsun/java2d/SunGraphics2D;Ljava/awt/Image;Ljava/awt/Color;IIIIII)Z (147 bytes) @ 0x00000000051c8594 [0x00000000051c8020+0x574]
J 2841 C1 sun.java2d.pipe.DrawImage.copyImage(Lsun/java2d/SunGraphics2D;Ljava/awt/Image;IILjava/awt/Color;)Z (105 bytes) @ 0x00000000057a986c [0x00000000057a92e0+0x58c]
J 2627 C1 sun.java2d.pipe.DrawImage.copyImage(Lsun/java2d/SunGraphics2D;Ljava/awt/Image;IILjava/awt/Color;Ljava/awt/image/ImageObserver;)Z (60 bytes) @ 0x00000000056fa60c [0x00000000056f9fa0+0x66c]
J 2756 C1 sun.java2d.pipe.ValidatePipe.copyImage(Lsun/java2d/SunGraphics2D;Ljava/awt/Image;IILjava/awt/Color;Ljava/awt/image/ImageObserver;)Z (29 bytes) @ 0x0000000005774b14 [0x0000000005774700+0x414]
J 2626 C1 sun.java2d.SunGraphics2D.drawImage(Ljava/awt/Image;IILjava/awt/Color;Ljava/awt/image/ImageObserver;)Z (145 bytes) @ 0x00000000056f5044 [0x00000000056f4700+0x944]
J 2871 C1 sun.java2d.SunGraphics2D.drawImage(Ljava/awt/Image;IILjava/awt/image/ImageObserver;)Z (11 bytes) @ 0x00000000057cefc4 [0x00000000057ceec0+0x104]
j  javax.swing.RepaintManager$PaintManager.paintDoubleBuffered(Ljavax/swing/JComponent;Ljava/awt/Image;Ljava/awt/Graphics;IIII)V+242
j  javax.swing.RepaintManager$PaintManager.paint(Ljavax/swing/JComponent;Ljavax/swing/JComponent;Ljava/awt/Graphics;IIII)Z+116
J 3548 C1 javax.swing.RepaintManager.paint(Ljavax/swing/JComponent;Ljavax/swing/JComponent;Ljava/awt/Graphics;IIII)V (93 bytes) @ 0x0000000005a7677c [0x0000000005a762a0+0x4dc]
J 2803 C2 javax.swing.JComponent.paint(Ljava/awt/Graphics;)V (409 bytes) @ 0x00000000057af5fc [0x00000000057aefe0+0x61c]
j  java.awt.GraphicsCallback$PaintCallback.run(Ljava/awt/Component;Ljava/awt/Graphics;)V+2
j  sun.awt.SunGraphicsCallback.runOneComponent(Ljava/awt/Component;Ljava/awt/Rectangle;Ljava/awt/Graphics;Ljava/awt/Shape;I)V+155
j  sun.awt.SunGraphicsCallback.runComponents([Ljava/awt/Component;Ljava/awt/Graphics;I)V+194
j  java.awt.Container.paint(Ljava/awt/Graphics;)V+58
j  java.awt.Window.paint(Ljava/awt/Graphics;)V+68
j  javax.swing.RepaintManager$4.run()Ljava/lang/Void;+142
j  javax.swing.RepaintManager$4.run()Ljava/lang/Object;+1
v  ~StubRoutines::call_stub
J 1089  java.security.AccessController.doPrivileged(Ljava/security/PrivilegedAction;Ljava/security/AccessControlContext;)Ljava/lang/Object; (0 bytes) @ 0x0000000005280266 [0x0000000005280200+0x66]
J 1115 C1 java.security.ProtectionDomain$JavaSecurityAccessImpl.doIntersectionPrivilege(Ljava/security/PrivilegedAction;Ljava/security/AccessControlContext;Ljava/security/AccessControlContext;)Ljava/lang/Object; (22 bytes) @ 0x0000000005292c6c [0x0000000005292800+0x46c]
j  javax.swing.RepaintManager.paintDirtyRegions(Ljava/util/Map;)V+154
j  javax.swing.RepaintManager.paintDirtyRegions()V+46
j  javax.swing.RepaintManager.prePaintDirtyRegions()V+73
J 3529 C1 javax.swing.RepaintManager$ProcessingRunnable.run()V (41 bytes) @ 0x0000000005a5570c [0x0000000005a553e0+0x32c]
J 3816 C2 java.awt.EventQueue$3.run()Ljava/lang/Object; (5 bytes) @ 0x0000000005b98d14 [0x0000000005b98a40+0x2d4]
v  ~StubRoutines::call_stub
J 1089  java.security.AccessController.doPrivileged(Ljava/security/PrivilegedAction;Ljava/security/AccessControlContext;)Ljava/lang/Object; (0 bytes) @ 0x0000000005280266 [0x0000000005280200+0x66]
J 3817 C2 java.awt.EventDispatchThread.pumpOneEventForFilters(I)V (295 bytes) @ 0x0000000005ba0450 [0x0000000005b9f960+0xaf0]
j  java.awt.EventDispatchThread.pumpEventsForFilter(ILjava/awt/Conditional;Ljava/awt/EventFilter;)V+35
j  java.awt.EventDispatchThread.pumpEventsForHierarchy(ILjava/awt/Conditional;Ljava/awt/Component;)V+11
j  java.awt.EventDispatchThread.pumpEvents(ILjava/awt/Conditional;)V+4
j  java.awt.EventDispatchThread.pumpEvents(Ljava/awt/Conditional;)V+3
j  java.awt.EventDispatchThread.run()V+9
v  ~StubRoutines::call_stub

---------------  P R O C E S S  ---------------

Java Threads: ( => current thread )
  0x000000001d017000 JavaThread "TimerQueue" daemon [_thread_blocked, id=6568, stack(0x000000001ed60000,0x000000001ee60000)]
  0x000000000464e000 JavaThread "DestroyJavaVM" [_thread_blocked, id=10664, stack(0x00000000049b0000,0x0000000004ab0000)]
=>0x000000001d0d3800 JavaThread "AWT-EventQueue-0" [_thread_in_native, id=6620, stack(0x000000001e860000,0x000000001e960000)]
  0x000000001d0c2800 JavaThread "AWT-Windows" daemon [_thread_in_native, id=10688, stack(0x000000001d9d0000,0x000000001dad0000)]
  0x000000001d0be000 JavaThread "AWT-Shutdown" [_thread_blocked, id=14128, stack(0x000000001d8d0000,0x000000001d9d0000)]
  0x000000001d0bd800 JavaThread "Java2D Disposer" daemon [_thread_blocked, id=12444, stack(0x000000001d7d0000,0x000000001d8d0000)]
  0x000000001c608800 JavaThread "Service Thread" daemon [_thread_blocked, id=4208, stack(0x000000001c9d0000,0x000000001cad0000)]
  0x0000000019950000 JavaThread "C1 CompilerThread2" daemon [_thread_blocked, id=12312, stack(0x000000001c4d0000,0x000000001c5d0000)]
  0x000000001995f000 JavaThread "C2 CompilerThread1" daemon [_thread_blocked, id=5260, stack(0x000000001c3d0000,0x000000001c4d0000)]
  0x000000001995b800 JavaThread "C2 CompilerThread0" daemon [_thread_blocked, id=12640, stack(0x000000001c2d0000,0x000000001c3d0000)]
  0x000000001995a800 JavaThread "Attach Listener" daemon [_thread_blocked, id=13492, stack(0x000000001c1d0000,0x000000001c2d0000)]
  0x0000000019959800 JavaThread "Signal Dispatcher" daemon [_thread_blocked, id=10668, stack(0x000000001c0d0000,0x000000001c1d0000)]
  0x000000001993a000 JavaThread "Finalizer" daemon [_thread_blocked, id=12004, stack(0x000000001bec0000,0x000000001bfc0000)]
  0x0000000004741000 JavaThread "Reference Handler" daemon [_thread_blocked, id=10792, stack(0x000000001bdc0000,0x000000001bec0000)]

Other Threads:
  0x0000000019917000 VMThread [stack: 0x000000001b7c0000,0x000000001b8c0000] [id=9008]
  0x00000000199ae800 WatcherThread [stack: 0x000000001cad0000,0x000000001cbd0000] [id=4448]

VM state:not at safepoint (normal execution)

VM Mutex/Monitor currently owned by a thread: None

Heap:
 PSYoungGen      total 38400K, used 18445K [0x00000000d5d00000, 0x00000000d8780000, 0x0000000100000000)
  eden space 33280K, 54% used [0x00000000d5d00000,0x00000000d6e9b628,0x00000000d7d80000)
  from space 5120K, 8% used [0x00000000d8280000,0x00000000d82e8000,0x00000000d8780000)
  to   space 5120K, 0% used [0x00000000d7d80000,0x00000000d7d80000,0x00000000d8280000)
 ParOldGen       total 55296K, used 12596K [0x0000000081600000, 0x0000000084c00000, 0x00000000d5d00000)
  object space 55296K, 22% used [0x0000000081600000,0x000000008224d128,0x0000000084c00000)
 Metaspace       used 21164K, capacity 21430K, committed 21760K, reserved 1069056K
  class space    used 2650K, capacity 2747K, committed 2816K, reserved 1048576K

Card table byte_map: [0x00000000142b0000,0x00000000146b0000] byte_map_base: 0x0000000013ea5000

Marking Bits: (ParMarkBitMap*) 0x000000007340a6c0
 Begin Bits: [0x0000000014c60000, 0x0000000016c08000)
 End Bits:   [0x0000000016c08000, 0x0000000018bb0000)

Polling page: 0x0000000004600000

CodeCache: size=245760Kb used=11796Kb max_used=12953Kb free=233963Kb
 bounds [0x0000000004ef0000, 0x0000000005bb0000, 0x0000000013ef0000]
 total_blobs=3987 nmethods=3431 adapters=466
 compilation: enabled

Compilation events (10 events):
Event: 14941.597 Thread 0x000000001995b800 3864       4       javax.swing.text.Utilities::getTabbedTextWidth (348 bytes)
Event: 14941.597 Thread 0x000000001995f000 nmethod 3863 0x0000000005361950 code [0x0000000005361ba0, 0x0000000005362038]
Event: 14941.599 Thread 0x0000000019950000 nmethod 3865 0x000000000552f250 code [0x000000000552f600, 0x0000000005531c68]
Event: 14941.600 Thread 0x0000000019950000 3866   !   3       javax.swing.text.DefaultCaret::guessBiasForOffset (113 bytes)
Event: 14941.601 Thread 0x0000000019950000 nmethod 3866 0x000000000510a990 code [0x000000000510ab80, 0x000000000510b7c8]
Event: 14941.607 Thread 0x000000001995b800 nmethod 3864 0x00000000054d0750 code [0x00000000054d0900, 0x00000000054d11b8]
Event: 14941.608 Thread 0x0000000019950000 3867       3       sun.swing.plaf.synth.SynthIcon::paintIcon (45 bytes)
Event: 14941.609 Thread 0x0000000019950000 nmethod 3867 0x0000000005019b50 code [0x0000000005019ce0, 0x000000000501a218]
Event: 14941.617 Thread 0x000000001995f000 3868       4       java.awt.GradientPaintContext::getRaster (170 bytes)
Event: 14941.634 Thread 0x000000001995f000 nmethod 3868 0x000000000513d490 code [0x000000000513d640, 0x000000000513dea8]

GC Heap History (10 events):
Event: 28.972 GC heap before
{Heap before GC invocations=1 (full 0):
 PSYoungGen      total 38400K, used 33280K [0x00000000d5d00000, 0x00000000d8780000, 0x0000000100000000)
  eden space 33280K, 100% used [0x00000000d5d00000,0x00000000d7d80000,0x00000000d7d80000)
  from space 5120K, 0% used [0x00000000d8280000,0x00000000d8280000,0x00000000d8780000)
  to   space 5120K, 0% used [0x00000000d7d80000,0x00000000d7d80000,0x00000000d8280000)
 ParOldGen       total 87552K, used 0K [0x0000000081600000, 0x0000000086b80000, 0x00000000d5d00000)
  object space 87552K, 0% used [0x0000000081600000,0x0000000081600000,0x0000000086b80000)
 Metaspace       used 18153K, capacity 18418K, committed 18688K, reserved 1064960K
  class space    used 2373K, capacity 2447K, committed 2560K, reserved 1048576K
Event: 28.981 GC heap after
Heap after GC invocations=1 (full 0):
 PSYoungGen      total 38400K, used 5103K [0x00000000d5d00000, 0x00000000d8780000, 0x0000000100000000)
  eden space 33280K, 0% used [0x00000000d5d00000,0x00000000d5d00000,0x00000000d7d80000)
  from space 5120K, 99% used [0x00000000d7d80000,0x00000000d827bd70,0x00000000d8280000)
  to   space 5120K, 0% used [0x00000000d8280000,0x00000000d8280000,0x00000000d8780000)
 ParOldGen       total 87552K, used 7935K [0x0000000081600000, 0x0000000086b80000, 0x00000000d5d00000)
  object space 87552K, 9% used [0x0000000081600000,0x0000000081dbfd70,0x0000000086b80000)
 Metaspace       used 18153K, capacity 18418K, committed 18688K, reserved 1064960K
  class space    used 2373K, capacity 2447K, committed 2560K, reserved 1048576K
}
Event: 37.951 GC heap before
{Heap before GC invocations=2 (full 0):
 PSYoungGen      total 38400K, used 38383K [0x00000000d5d00000, 0x00000000d8780000, 0x0000000100000000)
  eden space 33280K, 100% used [0x00000000d5d00000,0x00000000d7d80000,0x00000000d7d80000)
  from space 5120K, 99% used [0x00000000d7d80000,0x00000000d827bd70,0x00000000d8280000)
  to   space 5120K, 0% used [0x00000000d8280000,0x00000000d8280000,0x00000000d8780000)
 ParOldGen       total 87552K, used 7935K [0x0000000081600000, 0x0000000086b80000, 0x00000000d5d00000)
  object space 87552K, 9% used [0x0000000081600000,0x0000000081dbfd70,0x0000000086b80000)
 Metaspace       used 20608K, capacity 20910K, committed 21248K, reserved 1067008K
  class space    used 2647K, capacity 2747K, committed 2816K, reserved 1048576K
Event: 37.973 GC heap after
Heap after GC invocations=2 (full 0):
 PSYoungGen      total 38400K, used 5106K [0x00000000d5d00000, 0x00000000d8780000, 0x0000000100000000)
  eden space 33280K, 0% used [0x00000000d5d00000,0x00000000d5d00000,0x00000000d7d80000)
  from space 5120K, 99% used [0x00000000d8280000,0x00000000d877cb08,0x00000000d8780000)
  to   space 5120K, 0% used [0x00000000d7d80000,0x00000000d7d80000,0x00000000d8280000)
 ParOldGen       total 87552K, used 8338K [0x0000000081600000, 0x0000000086b80000, 0x00000000d5d00000)
  object space 87552K, 9% used [0x0000000081600000,0x0000000081e24af8,0x0000000086b80000)
 Metaspace       used 20608K, capacity 20910K, committed 21248K, reserved 1067008K
  class space    used 2647K, capacity 2747K, committed 2816K, reserved 1048576K
}
Event: 39.042 GC heap before
{Heap before GC invocations=3 (full 0):
 PSYoungGen      total 38400K, used 26526K [0x00000000d5d00000, 0x00000000d8780000, 0x0000000100000000)
  eden space 33280K, 64% used [0x00000000d5d00000,0x00000000d71ead40,0x00000000d7d80000)
  from space 5120K, 99% used [0x00000000d8280000,0x00000000d877cb08,0x00000000d8780000)
  to   space 5120K, 0% used [0x00000000d7d80000,0x00000000d7d80000,0x00000000d8280000)
 ParOldGen       total 87552K, used 8338K [0x0000000081600000, 0x0000000086b80000, 0x00000000d5d00000)
  object space 87552K, 9% used [0x0000000081600000,0x0000000081e24af8,0x0000000086b80000)
 Metaspace       used 20744K, capacity 20974K, committed 21248K, reserved 1067008K
  class space    used 2647K, capacity 2747K, committed 2816K, reserved 1048576K
Event: 39.048 GC heap after
Heap after GC invocations=3 (full 0):
 PSYoungGen      total 38400K, used 5058K [0x00000000d5d00000, 0x00000000d8780000, 0x0000000100000000)
  eden space 33280K, 0% used [0x00000000d5d00000,0x00000000d5d00000,0x00000000d7d80000)
  from space 5120K, 98% used [0x00000000d7d80000,0x00000000d8270b18,0x00000000d8280000)
  to   space 5120K, 0% used [0x00000000d8280000,0x00000000d8280000,0x00000000d8780000)
 ParOldGen       total 87552K, used 8346K [0x0000000081600000, 0x0000000086b80000, 0x00000000d5d00000)
  object space 87552K, 9% used [0x0000000081600000,0x0000000081e26af8,0x0000000086b80000)
 Metaspace       used 20744K, capacity 20974K, committed 21248K, reserved 1067008K
  class space    used 2647K, capacity 2747K, committed 2816K, reserved 1048576K
}
Event: 39.048 GC heap before
{Heap before GC invocations=4 (full 1):
 PSYoungGen      total 38400K, used 5058K [0x00000000d5d00000, 0x00000000d8780000, 0x0000000100000000)
  eden space 33280K, 0% used [0x00000000d5d00000,0x00000000d5d00000,0x00000000d7d80000)
  from space 5120K, 98% used [0x00000000d7d80000,0x00000000d8270b18,0x00000000d8280000)
  to   space 5120K, 0% used [0x00000000d8280000,0x00000000d8280000,0x00000000d8780000)
 ParOldGen       total 87552K, used 8346K [0x0000000081600000, 0x0000000086b80000, 0x00000000d5d00000)
  object space 87552K, 9% used [0x0000000081600000,0x0000000081e26af8,0x0000000086b80000)
 Metaspace       used 20744K, capacity 20974K, committed 21248K, reserved 1067008K
  class space    used 2647K, capacity 2747K, committed 2816K, reserved 1048576K
Event: 39.085 GC heap after
Heap after GC invocations=4 (full 1):
 PSYoungGen      total 38400K, used 0K [0x00000000d5d00000, 0x00000000d8780000, 0x0000000100000000)
  eden space 33280K, 0% used [0x00000000d5d00000,0x00000000d5d00000,0x00000000d7d80000)
  from space 5120K, 0% used [0x00000000d7d80000,0x00000000d7d80000,0x00000000d8280000)
  to   space 5120K, 0% used [0x00000000d8280000,0x00000000d8280000,0x00000000d8780000)
 ParOldGen       total 55296K, used 12588K [0x0000000081600000, 0x0000000084c00000, 0x00000000d5d00000)
  object space 55296K, 22% used [0x0000000081600000,0x000000008224b128,0x0000000084c00000)
 Metaspace       used 20744K, capacity 20974K, committed 21248K, reserved 1067008K
  class space    used 2647K, capacity 2747K, committed 2816K, reserved 1048576K
}
Event: 280.376 GC heap before
{Heap before GC invocations=5 (full 1):
 PSYoungGen      total 38400K, used 33280K [0x00000000d5d00000, 0x00000000d8780000, 0x0000000100000000)
  eden space 33280K, 100% used [0x00000000d5d00000,0x00000000d7d80000,0x00000000d7d80000)
  from space 5120K, 0% used [0x00000000d7d80000,0x00000000d7d80000,0x00000000d8280000)
  to   space 5120K, 0% used [0x00000000d8280000,0x00000000d8280000,0x00000000d8780000)
 ParOldGen       total 55296K, used 12588K [0x0000000081600000, 0x0000000084c00000, 0x00000000d5d00000)
  object space 55296K, 22% used [0x0000000081600000,0x000000008224b128,0x0000000084c00000)
 Metaspace       used 21121K, capacity 21366K, committed 21760K, reserved 1069056K
  class space    used 2648K, capacity 2747K, committed 2816K, reserved 1048576K
Event: 280.378 GC heap after
Heap after GC invocations=5 (full 1):
 PSYoungGen      total 38400K, used 416K [0x00000000d5d00000, 0x00000000d8780000, 0x0000000100000000)
  eden space 33280K, 0% used [0x00000000d5d00000,0x00000000d5d00000,0x00000000d7d80000)
  from space 5120K, 8% used [0x00000000d8280000,0x00000000d82e8000,0x00000000d8780000)
  to   space 5120K, 0% used [0x00000000d7d80000,0x00000000d7d80000,0x00000000d8280000)
 ParOldGen       total 55296K, used 12596K [0x0000000081600000, 0x0000000084c00000, 0x00000000d5d00000)
  object space 55296K, 22% used [0x0000000081600000,0x000000008224d128,0x0000000084c00000)
 Metaspace       used 21121K, capacity 21366K, committed 21760K, reserved 1069056K
  class space    used 2648K, capacity 2747K, committed 2816K, reserved 1048576K
}

Deoptimization events (10 events):
Event: 50.190 Thread 0x000000001d0d3800 Uncommon trap: reason=bimorphic action=maybe_recompile pc=0x00000000057b7cb4 method=java.awt.Component.getBackground()Ljava/awt/Color; @ 21
Event: 50.191 Thread 0x000000001d0d3800 Uncommon trap: reason=bimorphic action=maybe_recompile pc=0x00000000058c8fe4 method=java.awt.Color.equals(Ljava/lang/Object;)Z @ 11
Event: 50.191 Thread 0x000000001d0d3800 Uncommon trap: reason=bimorphic action=maybe_recompile pc=0x00000000058c8fe4 method=java.awt.Color.equals(Ljava/lang/Object;)Z @ 11
Event: 50.193 Thread 0x000000001d0d3800 Uncommon trap: reason=bimorphic action=maybe_recompile pc=0x00000000058c8fe4 method=java.awt.Color.equals(Ljava/lang/Object;)Z @ 11
Event: 50.193 Thread 0x000000001d0d3800 Uncommon trap: reason=bimorphic action=maybe_recompile pc=0x00000000058c8fe4 method=java.awt.Color.equals(Ljava/lang/Object;)Z @ 11
Event: 55.244 Thread 0x000000001d0d3800 Uncommon trap: reason=null_check action=make_not_entrant pc=0x0000000005a6a224 method=javax.swing.plaf.nimbus.NimbusDefaults$LazyStyle.matches(Ljava/awt/Component;I)Z @ 39
Event: 55.385 Thread 0x000000001d0d3800 Uncommon trap: reason=unstable_if action=reinterpret pc=0x0000000005aa53a8 method=sun.font.CMap$CMapFormat4.getGlyph(I)C @ 181
Event: 116.558 Thread 0x000000001d0d3800 Uncommon trap: reason=unstable_if action=reinterpret pc=0x00000000059902b4 method=java.awt.Container.getMouseEventTargetImpl(IIZLjava/awt/Container$EventTargetFilter;ZZ)Ljava/awt/Component; @ 218
Event: 6278.134 Thread 0x000000001d0d3800 Uncommon trap: reason=unstable_if action=reinterpret pc=0x00000000059efb9c method=java.awt.EventQueue.getPriority(Ljava/awt/AWTEvent;)I @ 71
Event: 6278.266 Thread 0x000000001d0d3800 Uncommon trap: reason=unstable_if action=reinterpret pc=0x00000000057ee9fc method=sun.java2d.SurfaceData.canRenderLCDText(Lsun/java2d/SunGraphics2D;)Z @ 38

Internal exceptions (10 events):
Event: 11.068 Thread 0x000000001d0d3800 Exception <a 'java/lang/ClassNotFoundException': ToolTip> (0x00000000d6dacf48) thrown at [C:\re\workspace\8-2-build-windows-amd64-cygwin\jdk8u111\7883\hotspot\src\share\vm\classfile\systemDictionary.cpp, line 210]
Event: 11.068 Thread 0x000000001d0d3800 Exception <a 'java/lang/ClassNotFoundException': Tree> (0x00000000d6dad5d8) thrown at [C:\re\workspace\8-2-build-windows-amd64-cygwin\jdk8u111\7883\hotspot\src\share\vm\classfile\systemDictionary.cpp, line 210]
Event: 11.068 Thread 0x000000001d0d3800 Exception <a 'java/lang/ClassNotFoundException': Tree> (0x00000000d6dadcd0) thrown at [C:\re\workspace\8-2-build-windows-amd64-cygwin\jdk8u111\7883\hotspot\src\share\vm\classfile\systemDictionary.cpp, line 210]
Event: 11.068 Thread 0x000000001d0d3800 Exception <a 'java/lang/ClassNotFoundException': javax/swing/JTreeCell> (0x00000000d6dae050) thrown at [C:\re\workspace\8-2-build-windows-amd64-cygwin\jdk8u111\7883\hotspot\src\share\vm\classfile\systemDictionary.cpp, line 210]
Event: 11.068 Thread 0x000000001d0d3800 Exception <a 'java/lang/ClassNotFoundException': TreeCell> (0x00000000d6dae4d8) thrown at [C:\re\workspace\8-2-build-windows-amd64-cygwin\jdk8u111\7883\hotspot\src\share\vm\classfile\systemDictionary.cpp, line 210]
Event: 11.069 Thread 0x000000001d0d3800 Exception <a 'java/lang/ClassNotFoundException': RootPane> (0x00000000d6daecf8) thrown at [C:\re\workspace\8-2-build-windows-amd64-cygwin\jdk8u111\7883\hotspot\src\share\vm\classfile\systemDictionary.cpp, line 210]
Event: 29.094 Thread 0x000000001d0d3800 Implicit null exception at 0x000000000529dc1a to 0x000000000529df25
Event: 37.656 Thread 0x000000001d0d3800 Implicit null exception at 0x00000000057cbac3 to 0x00000000057cc3c9
Event: 46.459 Thread 0x000000001d0d3800 Implicit null exception at 0x00000000058ce583 to 0x00000000058d0c7d
Event: 55.244 Thread 0x000000001d0d3800 Implicit null exception at 0x0000000005a66a77 to 0x0000000005a6a209

Events (10 events):
Event: 14941.535 Thread 0x000000001995f000 flushing nmethod 0x00000000055f67d0
Event: 14941.535 Thread 0x000000001995f000 flushing nmethod 0x0000000005600c50
Event: 14941.535 Thread 0x000000001995f000 flushing nmethod 0x0000000005601510
Event: 14941.535 Thread 0x000000001995f000 flushing nmethod 0x0000000005602750
Event: 14941.535 Thread 0x000000001995f000 flushing nmethod 0x00000000056074d0
Event: 14941.597 Thread 0x000000001995b800 flushing nmethod 0x000000000561ee90
Event: 14941.597 Thread 0x000000001995b800 flushing nmethod 0x000000000564e810
Event: 14941.599 Thread 0x0000000019950000 flushing nmethod 0x00000000057b9a50
Event: 14941.600 Thread 0x0000000019950000 flushing nmethod 0x00000000057ba210
Event: 14941.600 Thread 0x0000000019950000 flushing nmethod 0x00000000057cb310


Dynamic libraries:
0x00007ff7854e0000 - 0x00007ff785517000 	C:\Program Files\Java\jdk1.8.0_111\bin\java.exe
0x00007ff98ed50000 - 0x00007ff98ef30000 	C:\WINDOWS\SYSTEM32\ntdll.dll
0x00007ff955b80000 - 0x00007ff955bb4000 	C:\Program Files\AVAST Software\Avast\x64\aswhooka.dll
0x00007ff98eaf0000 - 0x00007ff98eb9e000 	C:\WINDOWS\System32\KERNEL32.DLL
0x00007ff98b310000 - 0x00007ff98b576000 	C:\WINDOWS\System32\KERNELBASE.dll
0x00007ff98cd40000 - 0x00007ff98cde1000 	C:\WINDOWS\System32\ADVAPI32.dll
0x00007ff98c8d0000 - 0x00007ff98c96d000 	C:\WINDOWS\System32\msvcrt.dll
0x00007ff98c7a0000 - 0x00007ff98c7fb000 	C:\WINDOWS\System32\sechost.dll
0x00007ff98eba0000 - 0x00007ff98ecbf000 	C:\WINDOWS\System32\RPCRT4.dll
0x00007ff98e950000 - 0x00007ff98eadf000 	C:\WINDOWS\System32\USER32.dll
0x00007ff98b150000 - 0x00007ff98b170000 	C:\WINDOWS\System32\win32u.dll
0x00007ff98ce00000 - 0x00007ff98ce28000 	C:\WINDOWS\System32\GDI32.dll
0x00007ff98b170000 - 0x00007ff98b304000 	C:\WINDOWS\System32\gdi32full.dll
0x00007ff98b980000 - 0x00007ff98ba1b000 	C:\WINDOWS\System32\msvcp_win.dll
0x00007ff98b5e0000 - 0x00007ff98b6d6000 	C:\WINDOWS\System32\ucrtbase.dll
0x00007ff97b780000 - 0x00007ff97b9e9000 	C:\WINDOWS\WinSxS\amd64_microsoft.windows.common-controls_6595b64144ccf1df_6.0.16299.64_none_cc9304e22215ca8f\COMCTL32.dll
0x00007ff98c980000 - 0x00007ff98cc88000 	C:\WINDOWS\System32\combase.dll
0x00007ff98b6e0000 - 0x00007ff98b752000 	C:\WINDOWS\System32\bcryptPrimitives.dll
0x00007ff98e8c0000 - 0x00007ff98e8ed000 	C:\WINDOWS\System32\IMM32.DLL
0x0000000072b10000 - 0x0000000072be2000 	C:\Program Files\Java\jdk1.8.0_111\jre\bin\msvcr100.dll
0x0000000072bf0000 - 0x000000007348a000 	C:\Program Files\Java\jdk1.8.0_111\jre\bin\server\jvm.dll
0x00007ff98cdf0000 - 0x00007ff98cdf8000 	C:\WINDOWS\System32\PSAPI.DLL
0x00007ff979be0000 - 0x00007ff979be9000 	C:\WINDOWS\SYSTEM32\WSOCK32.dll
0x00007ff98ce30000 - 0x00007ff98ce9c000 	C:\WINDOWS\System32\WS2_32.dll
0x00007ff989340000 - 0x00007ff989363000 	C:\WINDOWS\SYSTEM32\WINMM.dll
0x00007ff97c690000 - 0x00007ff97c69a000 	C:\WINDOWS\SYSTEM32\VERSION.dll
0x00007ff9892d0000 - 0x00007ff9892fa000 	C:\WINDOWS\SYSTEM32\WINMMBASE.dll
0x00007ff98b930000 - 0x00007ff98b97a000 	C:\WINDOWS\System32\cfgmgr32.dll
0x0000000072ad0000 - 0x0000000072b09000 	C:\Program Files\Java\jdk1.8.0_111\jre\bin\splashscreen.dll
0x00007ff9895a0000 - 0x00007ff989635000 	C:\WINDOWS\system32\uxtheme.dll
0x0000000072ac0000 - 0x0000000072acf000 	C:\Program Files\Java\jdk1.8.0_111\jre\bin\verify.dll
0x00007ff98cea0000 - 0x00007ff98d007000 	C:\WINDOWS\System32\MSCTF.dll
0x00007ff98c800000 - 0x00007ff98c8c5000 	C:\WINDOWS\System32\OLEAUT32.dll
0x00007ff962b80000 - 0x00007ff962c29000 	C:\Program Files\Common Files\microsoft shared\ink\tiptsf.dll
0x0000000072a90000 - 0x0000000072ab9000 	C:\Program Files\Java\jdk1.8.0_111\jre\bin\java.dll
0x0000000072a70000 - 0x0000000072a86000 	C:\Program Files\Java\jdk1.8.0_111\jre\bin\zip.dll
0x00007ff98b0c0000 - 0x00007ff98b0d1000 	C:\WINDOWS\System32\kernel.appcore.dll
0x00007ff982960000 - 0x00007ff9829f8000 	C:\WINDOWS\System32\TextInputFramework.dll
0x00007ff9848d0000 - 0x00007ff984bbe000 	C:\WINDOWS\System32\CoreUIComponents.dll
0x00007ff98cc90000 - 0x00007ff98cd36000 	C:\WINDOWS\System32\SHCORE.dll
0x00007ff9879f0000 - 0x00007ff987acd000 	C:\WINDOWS\System32\CoreMessaging.dll
0x00007ff98a120000 - 0x00007ff98a151000 	C:\WINDOWS\SYSTEM32\ntmarta.dll
0x00007ff988950000 - 0x00007ff988a86000 	C:\WINDOWS\SYSTEM32\wintypes.dll
0x00007ff989990000 - 0x00007ff9899ba000 	C:\WINDOWS\system32\dwmapi.dll
0x00007ff98e5a0000 - 0x00007ff98e63e000 	C:\WINDOWS\System32\clbcatq.dll
0x00007ff962e50000 - 0x00007ff963056000 	C:\Windows\System32\uiautomationcore.dll
0x00007ff98af00000 - 0x00007ff98af9a000 	C:\WINDOWS\SYSTEM32\sxs.dll
0x00007ff9626d0000 - 0x00007ff96273e000 	C:\Windows\System32\OLEACC.dll
0x00007ff963160000 - 0x00007ff9631e1000 	C:\WINDOWS\SYSTEM32\twinapi.dll
0x00007ff98d160000 - 0x00007ff98e597000 	C:\WINDOWS\System32\SHELL32.dll
0x00007ff98ba20000 - 0x00007ff98c167000 	C:\WINDOWS\System32\windows.storage.dll
0x00007ff98e8f0000 - 0x00007ff98e941000 	C:\WINDOWS\System32\shlwapi.dll
0x00007ff98b100000 - 0x00007ff98b14c000 	C:\WINDOWS\System32\powrprof.dll
0x00007ff98b0a0000 - 0x00007ff98b0bb000 	C:\WINDOWS\System32\profapi.dll
0x00007ff989810000 - 0x00007ff98998b000 	C:\WINDOWS\SYSTEM32\twinapi.appcore.dll
0x00007ff989ab0000 - 0x00007ff989ad0000 	C:\WINDOWS\SYSTEM32\RMCLIENT.dll
0x00007ff98aba0000 - 0x00007ff98abc5000 	C:\WINDOWS\SYSTEM32\bcrypt.dll
0x0000000072890000 - 0x0000000072a28000 	C:\Program Files\Java\jdk1.8.0_111\jre\bin\awt.dll
0x00007ff989430000 - 0x00007ff9894b7000 	C:\WINDOWS\SYSTEM32\apphelp.dll
0x00007ff98d010000 - 0x00007ff98d159000 	C:\WINDOWS\System32\ole32.dll
0x0000000072840000 - 0x0000000072887000 	C:\Program Files\Java\jdk1.8.0_111\jre\bin\fontmanager.dll
0x0000000072a50000 - 0x0000000072a6a000 	C:\Program Files\Java\jdk1.8.0_111\jre\bin\net.dll
0x00007ff98a8d0000 - 0x00007ff98a936000 	C:\WINDOWS\system32\mswsock.dll
0x0000000072a30000 - 0x0000000072a41000 	C:\Program Files\Java\jdk1.8.0_111\jre\bin\nio.dll
0x00000000727f0000 - 0x0000000072832000 	C:\Program Files\Java\jdk1.8.0_111\jre\bin\t2k.dll
0x00000000727b0000 - 0x00000000727da000 	C:\Program Files\Java\jdk1.8.0_111\jre\bin\dcpr.dll
0x00007ff984fa0000 - 0x00007ff98514b000 	C:\WINDOWS\SYSTEM32\WindowsCodecs.dll
0x00007ff9663a0000 - 0x00007ff9663ef000 	C:\WINDOWS\system32\dataexchange.dll
0x00007ff988660000 - 0x00007ff988942000 	C:\WINDOWS\system32\d3d11.dll
0x00007ff988090000 - 0x00007ff9881d2000 	C:\WINDOWS\system32\dcomp.dll
0x00007ff989e00000 - 0x00007ff989eaf000 	C:\WINDOWS\system32\dxgi.dll
0x00007ff98a6b0000 - 0x00007ff98a766000 	C:\WINDOWS\SYSTEM32\DNSAPI.dll
0x00007ff98eae0000 - 0x00007ff98eae8000 	C:\WINDOWS\System32\NSI.dll
0x00007ff98a660000 - 0x00007ff98a699000 	C:\WINDOWS\SYSTEM32\IPHLPAPI.DLL
0x0000000074370000 - 0x0000000074396000 	C:\Program Files\Bonjour\mdnsNSP.dll
0x00007ff984cc0000 - 0x00007ff984cca000 	C:\Windows\System32\rasadhlp.dll
0x00007ff985150000 - 0x00007ff9851c0000 	C:\WINDOWS\System32\fwpuclnt.dll
0x00007ff96cc00000 - 0x00007ff96cdc8000 	C:\WINDOWS\SYSTEM32\dbghelp.dll

VM Arguments:
jvm_args: -Dfile.encoding=UTF-8 
java_command: imnsu.imnsu localhost imnsu imnsu imnsu 5432
java_class_path (initial): C:\Users\Nacho\Documents\imnsu\lib\swingx-1.6.1.jar;C:\Users\Nacho\Documents\imnsu\lib\absolutelayout\AbsoluteLayout.jar;C:\Users\Nacho\Documents\imnsu\lib\postgresql-9.3-1102.jdbc4.jar;C:\Users\Nacho\Documents\imnsu\lib\jasperreports-5.6.0.jar;C:\Users\Nacho\Documents\imnsu\lib\jdom.jar;C:\Users\Nacho\Documents\imnsu\lib\jodreports-2.4.0.jar;C:\Users\Nacho\Documents\imnsu\lib\poi-3.0.1-FINAL-20070705.jar;C:\Users\Nacho\Documents\imnsu\lib\commons-logging-api.jar;C:\Users\Nacho\Documents\imnsu\lib\ij.jar;C:\Users\Nacho\Documents\imnsu\lib\jackson-all-1.9.9.jar;C:\Users\Nacho\Documents\imnsu\lib\jackson-jaxrs-json-provider-2.0.4.jar;C:\Users\Nacho\Documents\imnsu\lib\jackson-mapper-asl-1.2.0.jar;C:\Users\Nacho\Documents\imnsu\lib\commons-beanutils-1.8.2.jar;C:\Users\Nacho\Documents\imnsu\lib\commons-collections-3.2.1.jar;C:\Users\Nacho\Documents\imnsu\lib\commons-logging-1.1.jar;C:\Users\Nacho\Documents\imnsu\lib\commons-net-1.4.1.jar;C:\Users\Nacho\Documents\imnsu\lib\commons-digester-2.1.jar;C:\Users\Nacho\Documents\imnsu\lib\jFuzzyLogic_v3.0.jar;C:\Users\Nacho\Documents\imnsu\build\classes
Launcher Type: SUN_STANDARD

Environment Variables:
PATH=C:\ProgramData\Oracle\Java\javapath;C:\Windows\System32;C:\Windows;C:\Windows\System32\wbem;C:\Windows\System32\WindowsPowerShell\v1.0\;C:\Program Files (x86)\PICC;C:\Program Files\Microsoft SQL Server\120\Tools\Binn\;C:\Program Files\Microsoft SQL Server\Client SDK\ODBC\110\Tools\Binn\;C:\Program Files (x86)\Microsoft SQL Server\120\Tools\Binn\;C:\Program Files\Microsoft SQL Server\120\DTS\Binn\;C:\Program Files (x86)\Microsoft SQL Server\120\Tools\Binn\ManagementStudio\;C:\Program Files (x86)\Microsoft SQL Server\120\DTS\Binn\;C:\Users\Nacho\AppData\Local\Microsoft\WindowsApps;
USERNAME=Nacho
OS=Windows_NT
PROCESSOR_IDENTIFIER=Intel64 Family 6 Model 78 Stepping 3, GenuineIntel



---------------  S Y S T E M  ---------------

OS: Windows 10.0 , 64 bit Build 16299 (10.0.16299.15)

CPU:total 4 (2 cores per cpu, 2 threads per core) family 6 model 78 stepping 3, cmov, cx8, fxsr, mmx, sse, sse2, sse3, ssse3, sse4.1, sse4.2, popcnt, avx, avx2, aes, clmul, erms, 3dnowpref, lzcnt, ht, tsc, tscinvbit, bmi1, bmi2, adx

Memory: 4k page, physical 8292256k(2499920k free), swap 11309120k(1591428k free)

vm_info: Java HotSpot(TM) 64-Bit Server VM (25.111-b14) for windows-amd64 JRE (1.8.0_111-b14), built on Sep 22 2016 19:24:05 by "java_re" with MS VC++ 10.0 (VS2010)

time: Thu Dec 07 19:20:29 2017
elapsed time: 14941 seconds (0d 4h 9m 1s)

