#
# A fatal error has been detected by the Java Runtime Environment:
#
#  EXCEPTION_ACCESS_VIOLATION (0xc0000005) at pc=0x000000005e6805a4, pid=6724, tid=0x000000000000397c
#
# JRE version: Java(TM) SE Runtime Environment (8.0_111-b14) (build 1.8.0_111-b14)
# Java VM: Java HotSpot(TM) 64-Bit Server VM (25.111-b14 mixed mode windows-amd64 compressed oops)
# Problematic frame:
# C  [awt.dll+0xd05a4]
#
# Failed to write core dump. Minidumps are not enabled by default on client versions of Windows
#
# If you would like to submit a bug report, please visit:
#   http://bugreport.java.com/bugreport/crash.jsp
# The crash happened outside the Java Virtual Machine in native code.
# See problematic frame for where to report the bug.
#

---------------  T H R E A D  ---------------

Current thread (0x0000000019720800):  JavaThread "AWT-EventQueue-0" [_thread_in_native, id=14716, stack(0x000000001b770000,0x000000001b870000)]

siginfo: ExceptionCode=0xc0000005, reading address 0x0000000000000008

Registers:
RAX=0x000000000000000d, RBX=0x00000000197209f8, RCX=0x0000000000000000, RDX=0x000000005d0122d1
RSP=0x000000001b86c1b8, RBP=0x00000000197209f8, RSI=0x0000000019f830c0, RDI=0x000000001a0c19c0
R8 =0x0000000000006873, R9 =0x0000000001600000, R10=0x00000000005d22d1, R11=0x0000000000000246
R12=0x000000005d0122d1, R13=0x0000000000000000, R14=0x0000000000000000, R15=0x0000000019720800
RIP=0x000000005e6805a4, EFLAGS=0x0000000000010202

Top of Stack: (sp=0x000000001b86c1b8)
0x000000001b86c1b8:   000000005e5e75f1 00000000197209f8
0x000000001b86c1c8:   0000000019f830c0 000000000049414e
0x000000001b86c1d8:   000000000049414e 0000000000000000
0x000000001b86c1e8:   0000000019f830c0 000000001b86c878
0x000000001b86c1f8:   000000005e61bf65 00000000197209f8
0x000000001b86c208:   0000000000000000 000000001b86c301
0x000000001b86c218:   000000005e9cc565 000000001e1202b0
0x000000001b86c228:   000000005e5e3e42 000000001b86c878
0x000000001b86c238:   000000001b86c330 00000000197209f8
0x000000001b86c248:   0000000000000001 0000000000000000
0x000000001b86c258:   0000016800000401 0000000000000000
0x000000001b86c268:   00000000000005a2 000000001b86c3c8
0x000000001b86c278:   0000000002e6835d 0000000000000000
0x000000001b86c288:   00000000000001b2 00000000000005a2
0x000000001b86c298:   0000000000000000 0000000081ea9a70
0x000000001b86c2a8:   000000001b86c880 00000000197209f8 

Instructions: (pc=0x000000005e6805a4)
0x000000005e680584:   41 5e 41 5d 41 5c 5f c3 48 8b 41 08 48 05 00 04
0x000000005e680594:   00 00 c3 cc 48 8b 41 08 48 8b 80 18 0c 00 00 c3
0x000000005e6805a4:   48 8b 49 08 48 85 c9 74 05 e9 f6 a7 fe ff 33 c0
0x000000005e6805b4:   c3 cc cc cc 48 83 ec 28 48 8b 49 08 48 85 c9 74 


Register to memory mapping:

RAX=0x000000000000000d is an unknown value
RBX=0x00000000197209f8 is an unknown value
RCX=0x0000000000000000 is an unknown value
RDX=0x000000005d0122d1 is an unknown value
RSP=0x000000001b86c1b8 is pointing into the stack for thread: 0x0000000019720800
RBP=0x00000000197209f8 is an unknown value
RSI=0x0000000019f830c0 is an unknown value
RDI=0x000000001a0c19c0 is an unknown value
R8 =0x0000000000006873 is an unknown value
R9 =0x0000000001600000 is an unknown value
R10=0x00000000005d22d1 is an unknown value
R11=0x0000000000000246 is an unknown value
R12=0x000000005d0122d1 is an unknown value
R13=0x0000000000000000 is an unknown value
R14=0x0000000000000000 is an unknown value
R15=0x0000000019720800 is a thread


Stack: [0x000000001b770000,0x000000001b870000],  sp=0x000000001b86c1b8,  free space=1008k
Native frames: (J=compiled Java code, j=interpreted, Vv=VM code, C=native code)
C  [awt.dll+0xd05a4]

Java frames: (J=compiled Java code, j=interpreted, Vv=VM code)
J 3640  sun.java2d.windows.GDIBlitLoops.nativeBlit(Lsun/java2d/SurfaceData;Lsun/java2d/SurfaceData;Lsun/java2d/pipe/Region;IIIIIIIIIZ)V (0 bytes) @ 0x000000000399006c [0x000000000398ff80+0xec]
J 3639 C1 sun.java2d.windows.GDIBlitLoops.Blit(Lsun/java2d/SurfaceData;Lsun/java2d/SurfaceData;Ljava/awt/Composite;Lsun/java2d/pipe/Region;IIIIII)V (37 bytes) @ 0x00000000039919f4 [0x00000000039918c0+0x134]
J 1692 C1 sun.java2d.pipe.DrawImage.blitSurfaceData(Lsun/java2d/SunGraphics2D;Lsun/java2d/pipe/Region;Lsun/java2d/SurfaceData;Lsun/java2d/SurfaceData;Lsun/java2d/loops/SurfaceType;Lsun/java2d/loops/SurfaceType;IIIIIILjava/awt/Color;)V (145 bytes) @ 0x00000000033cc244 [0x00000000033cb420+0xe24]
J 1471 C1 sun.java2d.pipe.DrawImage.renderImageCopy(Lsun/java2d/SunGraphics2D;Ljava/awt/Image;Ljava/awt/Color;IIIIII)Z (147 bytes) @ 0x0000000003309754 [0x00000000033091e0+0x574]
J 2905 C1 sun.java2d.pipe.DrawImage.copyImage(Lsun/java2d/SunGraphics2D;Ljava/awt/Image;IILjava/awt/Color;)Z (105 bytes) @ 0x000000000315483c [0x00000000031542a0+0x59c]
J 2305 C1 sun.java2d.pipe.DrawImage.copyImage(Lsun/java2d/SunGraphics2D;Ljava/awt/Image;IILjava/awt/Color;Ljava/awt/image/ImageObserver;)Z (60 bytes) @ 0x00000000035b2acc [0x00000000035b2460+0x66c]
J 2931 C1 sun.java2d.pipe.ValidatePipe.copyImage(Lsun/java2d/SunGraphics2D;Ljava/awt/Image;IILjava/awt/Color;Ljava/awt/image/ImageObserver;)Z (29 bytes) @ 0x0000000003727354 [0x0000000003726f40+0x414]
J 2304 C1 sun.java2d.SunGraphics2D.drawImage(Ljava/awt/Image;IILjava/awt/Color;Ljava/awt/image/ImageObserver;)Z (145 bytes) @ 0x00000000035b0e44 [0x00000000035b0500+0x944]
J 2924 C1 sun.java2d.SunGraphics2D.drawImage(Ljava/awt/Image;IILjava/awt/image/ImageObserver;)Z (11 bytes) @ 0x00000000037247c4 [0x00000000037246c0+0x104]
j  javax.swing.RepaintManager$PaintManager.paintDoubleBuffered(Ljavax/swing/JComponent;Ljava/awt/Image;Ljava/awt/Graphics;IIII)V+242
J 3801 C1 javax.swing.RepaintManager$PaintManager.paint(Ljavax/swing/JComponent;Ljavax/swing/JComponent;Ljava/awt/Graphics;IIII)Z (189 bytes) @ 0x0000000003a3b124 [0x0000000003a3a2c0+0xe64]
J 3048 C1 javax.swing.RepaintManager.paint(Ljavax/swing/JComponent;Ljavax/swing/JComponent;Ljava/awt/Graphics;IIII)V (93 bytes) @ 0x0000000003793abc [0x00000000037935e0+0x4dc]
J 2949 C2 javax.swing.JComponent.paint(Ljava/awt/Graphics;)V (409 bytes) @ 0x0000000003753ca0 [0x00000000037536a0+0x600]
j  java.awt.GraphicsCallback$PaintCallback.run(Ljava/awt/Component;Ljava/awt/Graphics;)V+2
j  sun.awt.SunGraphicsCallback.runOneComponent(Ljava/awt/Component;Ljava/awt/Rectangle;Ljava/awt/Graphics;Ljava/awt/Shape;I)V+155
j  sun.awt.SunGraphicsCallback.runComponents([Ljava/awt/Component;Ljava/awt/Graphics;I)V+194
j  java.awt.Container.paint(Ljava/awt/Graphics;)V+58
j  java.awt.Window.paint(Ljava/awt/Graphics;)V+68
J 2972 C1 javax.swing.RepaintManager$4.run()Ljava/lang/Void; (278 bytes) @ 0x000000000375b42c [0x000000000375a880+0xbac]
J 2971 C1 javax.swing.RepaintManager$4.run()Ljava/lang/Object; (5 bytes) @ 0x000000000374444c [0x00000000037443c0+0x8c]
v  ~StubRoutines::call_stub
J 607  java.security.AccessController.doPrivileged(Ljava/security/PrivilegedAction;Ljava/security/AccessControlContext;)Ljava/lang/Object; (0 bytes) @ 0x00000000030ce9a6 [0x00000000030ce940+0x66]
J 3242 C1 javax.swing.RepaintManager.paintDirtyRegions(Ljava/util/Map;)V (196 bytes) @ 0x000000000381dd04 [0x000000000381c680+0x1684]
J 3785 C1 javax.swing.RepaintManager.paintDirtyRegions()V (50 bytes) @ 0x0000000003a28cec [0x0000000003a28a80+0x26c]
J 3784 C1 javax.swing.RepaintManager.prePaintDirtyRegions()V (91 bytes) @ 0x0000000003a2a5a4 [0x0000000003a29f00+0x6a4]
J 3039 C1 javax.swing.RepaintManager$ProcessingRunnable.run()V (41 bytes) @ 0x000000000376940c [0x00000000037690e0+0x32c]
J 1741 C1 java.awt.event.InvocationEvent.dispatch()V (69 bytes) @ 0x00000000033e9094 [0x00000000033e8e80+0x214]
J 1482 C1 java.awt.EventQueue.dispatchEventImpl(Ljava/awt/AWTEvent;Ljava/lang/Object;)V (149 bytes) @ 0x0000000003314544 [0x0000000003312a80+0x1ac4]
J 1480 C1 java.awt.EventQueue$3.run()Ljava/lang/Void; (60 bytes) @ 0x000000000330dd4c [0x000000000330db40+0x20c]
J 1479 C1 java.awt.EventQueue$3.run()Ljava/lang/Object; (5 bytes) @ 0x000000000330b14c [0x000000000330b0c0+0x8c]
v  ~StubRoutines::call_stub
J 607  java.security.AccessController.doPrivileged(Ljava/security/PrivilegedAction;Ljava/security/AccessControlContext;)Ljava/lang/Object; (0 bytes) @ 0x00000000030ce9a6 [0x00000000030ce940+0x66]
J 3859 C2 java.awt.EventDispatchThread.pumpOneEventForFilters(I)V (295 bytes) @ 0x0000000003a8504c [0x0000000003a84a00+0x64c]
j  java.awt.EventDispatchThread.pumpEventsForFilter(ILjava/awt/Conditional;Ljava/awt/EventFilter;)V+35
j  java.awt.EventDispatchThread.pumpEventsForHierarchy(ILjava/awt/Conditional;Ljava/awt/Component;)V+11
j  java.awt.EventDispatchThread.pumpEvents(ILjava/awt/Conditional;)V+4
j  java.awt.EventDispatchThread.pumpEvents(Ljava/awt/Conditional;)V+3
j  java.awt.EventDispatchThread.run()V+9
v  ~StubRoutines::call_stub

---------------  P R O C E S S  ---------------

Java Threads: ( => current thread )
  0x000000001a067800 JavaThread "TimerQueue" daemon [_thread_blocked, id=13808, stack(0x000000001cfb0000,0x000000001d0b0000)]
  0x0000000002d60800 JavaThread "DestroyJavaVM" [_thread_blocked, id=14204, stack(0x0000000002c40000,0x0000000002d40000)]
=>0x0000000019720800 JavaThread "AWT-EventQueue-0" [_thread_in_native, id=14716, stack(0x000000001b770000,0x000000001b870000)]
  0x0000000019705000 JavaThread "AWT-Windows" daemon [_thread_in_native, id=12384, stack(0x000000001a740000,0x000000001a840000)]
  0x0000000019700800 JavaThread "AWT-Shutdown" [_thread_blocked, id=9804, stack(0x000000001a640000,0x000000001a740000)]
  0x00000000196fe800 JavaThread "Java2D Disposer" daemon [_thread_blocked, id=11416, stack(0x000000001a540000,0x000000001a640000)]
  0x0000000019368800 JavaThread "Service Thread" daemon [_thread_blocked, id=7080, stack(0x0000000019740000,0x0000000019840000)]
  0x00000000179ca000 JavaThread "C1 CompilerThread2" daemon [_thread_blocked, id=7968, stack(0x0000000019240000,0x0000000019340000)]
  0x00000000179c2000 JavaThread "C2 CompilerThread1" daemon [_thread_blocked, id=9404, stack(0x0000000019140000,0x0000000019240000)]
  0x00000000179bc000 JavaThread "C2 CompilerThread0" daemon [_thread_blocked, id=9720, stack(0x0000000019040000,0x0000000019140000)]
  0x00000000179ba800 JavaThread "Attach Listener" daemon [_thread_blocked, id=11944, stack(0x0000000018f40000,0x0000000019040000)]
  0x00000000179b9800 JavaThread "Signal Dispatcher" daemon [_thread_blocked, id=4444, stack(0x0000000018e40000,0x0000000018f40000)]
  0x0000000002e5a000 JavaThread "Finalizer" daemon [_thread_blocked, id=5492, stack(0x0000000018c30000,0x0000000018d30000)]
  0x0000000002e51000 JavaThread "Reference Handler" daemon [_thread_blocked, id=9268, stack(0x0000000018b30000,0x0000000018c30000)]

Other Threads:
  0x0000000017986800 VMThread [stack: 0x0000000018a30000,0x0000000018b30000] [id=11700]
  0x0000000019383800 WatcherThread [stack: 0x0000000019840000,0x0000000019940000] [id=12564]

VM state:not at safepoint (normal execution)

VM Mutex/Monitor currently owned by a thread: None

Heap:
 PSYoungGen      total 63488K, used 38260K [0x00000000d5d00000, 0x00000000dc680000, 0x0000000100000000)
  eden space 29184K, 51% used [0x00000000d5d00000,0x00000000d6bcc8a8,0x00000000d7980000)
  from space 34304K, 67% used [0x00000000d9e80000,0x00000000db510a30,0x00000000dc000000)
  to   space 37888K, 0% used [0x00000000d7980000,0x00000000d7980000,0x00000000d9e80000)
 ParOldGen       total 75776K, used 12604K [0x0000000081600000, 0x0000000086000000, 0x00000000d5d00000)
  object space 75776K, 16% used [0x0000000081600000,0x000000008224f3a0,0x0000000086000000)
 Metaspace       used 21060K, capacity 21296K, committed 21760K, reserved 1069056K
  class space    used 2684K, capacity 2742K, committed 2816K, reserved 1048576K

Card table byte_map: [0x0000000012220000,0x0000000012620000] byte_map_base: 0x0000000011e15000

Marking Bits: (ParMarkBitMap*) 0x000000005f12a6c0
 Begin Bits: [0x0000000012cd0000, 0x0000000014c78000)
 End Bits:   [0x0000000014c78000, 0x0000000016c20000)

Polling page: 0x0000000002bd0000

CodeCache: size=245760Kb used=12386Kb max_used=12446Kb free=233373Kb
 bounds [0x0000000002e60000, 0x0000000003aa0000, 0x0000000011e60000]
 total_blobs=4201 nmethods=3648 adapters=463
 compilation: enabled

Compilation events (10 events):
Event: 11520.668 Thread 0x00000000179ca000 3919       1       sun.swing.MenuItemLayoutHelper$LayoutResult::access$700 (5 bytes)
Event: 11520.669 Thread 0x00000000179ca000 nmethod 3919 0x0000000002fde810 code [0x0000000002fde960, 0x0000000002fdea50]
Event: 11520.687 Thread 0x00000000179ca000 3920       3       javax.swing.plaf.synth.SynthRootPaneUI::update (41 bytes)
Event: 11520.689 Thread 0x00000000179ca000 nmethod 3920 0x000000000340ced0 code [0x000000000340d1a0, 0x000000000340e4c8]
Event: 11520.689 Thread 0x00000000179ca000 3921       3       javax.swing.plaf.nimbus.SynthPainterImpl::paintRootPaneBackground (15 bytes)
Event: 11520.690 Thread 0x00000000179ca000 nmethod 3921 0x0000000003068910 code [0x0000000003068a80, 0x0000000003068c28]
Event: 11520.690 Thread 0x00000000179ca000 3922       3       javax.swing.plaf.synth.SynthRootPaneUI::paint (1 bytes)
Event: 11520.690 Thread 0x00000000179ca000 nmethod 3922 0x0000000003248e10 code [0x0000000003248f60, 0x00000000032490b0]
Event: 11520.707 Thread 0x00000000179bc000 3923       4       java.awt.Rectangle::getBounds (24 bytes)
Event: 11520.708 Thread 0x00000000179bc000 nmethod 3923 0x0000000003159ad0 code [0x0000000003159c20, 0x0000000003159d18]

GC Heap History (10 events):
Event: 3551.593 GC heap before
{Heap before GC invocations=3 (full 0):
 PSYoungGen      total 38400K, used 32714K [0x00000000d5d00000, 0x00000000d8780000, 0x0000000100000000)
  eden space 33280K, 82% used [0x00000000d5d00000,0x00000000d77f76a0,0x00000000d7d80000)
  from space 5120K, 99% used [0x00000000d8280000,0x00000000d877b530,0x00000000d8780000)
  to   space 5120K, 0% used [0x00000000d7d80000,0x00000000d7d80000,0x00000000d8280000)
 ParOldGen       total 87552K, used 33143K [0x0000000081600000, 0x0000000086b80000, 0x00000000d5d00000)
  object space 87552K, 37% used [0x0000000081600000,0x000000008365dc00,0x0000000086b80000)
 Metaspace       used 20706K, capacity 20920K, committed 21248K, reserved 1067008K
  class space    used 2686K, capacity 2746K, committed 2816K, reserved 1048576K
Event: 3551.599 GC heap after
Heap after GC invocations=3 (full 0):
 PSYoungGen      total 38400K, used 4653K [0x00000000d5d00000, 0x00000000d8780000, 0x0000000100000000)
  eden space 33280K, 0% used [0x00000000d5d00000,0x00000000d5d00000,0x00000000d7d80000)
  from space 5120K, 90% used [0x00000000d7d80000,0x00000000d820b510,0x00000000d8280000)
  to   space 5120K, 0% used [0x00000000d8280000,0x00000000d8280000,0x00000000d8780000)
 ParOldGen       total 87552K, used 33151K [0x0000000081600000, 0x0000000086b80000, 0x00000000d5d00000)
  object space 87552K, 37% used [0x0000000081600000,0x000000008365fc00,0x0000000086b80000)
 Metaspace       used 20706K, capacity 20920K, committed 21248K, reserved 1067008K
  class space    used 2686K, capacity 2746K, committed 2816K, reserved 1048576K
}
Event: 3551.599 GC heap before
{Heap before GC invocations=4 (full 1):
 PSYoungGen      total 38400K, used 4653K [0x00000000d5d00000, 0x00000000d8780000, 0x0000000100000000)
  eden space 33280K, 0% used [0x00000000d5d00000,0x00000000d5d00000,0x00000000d7d80000)
  from space 5120K, 90% used [0x00000000d7d80000,0x00000000d820b510,0x00000000d8280000)
  to   space 5120K, 0% used [0x00000000d8280000,0x00000000d8280000,0x00000000d8780000)
 ParOldGen       total 87552K, used 33151K [0x0000000081600000, 0x0000000086b80000, 0x00000000d5d00000)
  object space 87552K, 37% used [0x0000000081600000,0x000000008365fc00,0x0000000086b80000)
 Metaspace       used 20706K, capacity 20920K, committed 21248K, reserved 1067008K
  class space    used 2686K, capacity 2746K, committed 2816K, reserved 1048576K
Event: 3551.634 GC heap after
Heap after GC invocations=4 (full 1):
 PSYoungGen      total 38400K, used 0K [0x00000000d5d00000, 0x00000000d8780000, 0x0000000100000000)
  eden space 33280K, 0% used [0x00000000d5d00000,0x00000000d5d00000,0x00000000d7d80000)
  from space 5120K, 0% used [0x00000000d7d80000,0x00000000d7d80000,0x00000000d8280000)
  to   space 5120K, 0% used [0x00000000d8280000,0x00000000d8280000,0x00000000d8780000)
 ParOldGen       total 75776K, used 12588K [0x0000000081600000, 0x0000000086000000, 0x00000000d5d00000)
  object space 75776K, 16% used [0x0000000081600000,0x000000008224b3a0,0x0000000086000000)
 Metaspace       used 20695K, capacity 20902K, committed 21248K, reserved 1067008K
  class space    used 2682K, capacity 2739K, committed 2816K, reserved 1048576K
}
Event: 3553.317 GC heap before
{Heap before GC invocations=5 (full 1):
 PSYoungGen      total 38400K, used 33280K [0x00000000d5d00000, 0x00000000d8780000, 0x0000000100000000)
  eden space 33280K, 100% used [0x00000000d5d00000,0x00000000d7d80000,0x00000000d7d80000)
  from space 5120K, 0% used [0x00000000d7d80000,0x00000000d7d80000,0x00000000d8280000)
  to   space 5120K, 0% used [0x00000000d8280000,0x00000000d8280000,0x00000000d8780000)
 ParOldGen       total 75776K, used 12588K [0x0000000081600000, 0x0000000086000000, 0x00000000d5d00000)
  object space 75776K, 16% used [0x0000000081600000,0x000000008224b3a0,0x0000000086000000)
 Metaspace       used 20878K, capacity 21094K, committed 21504K, reserved 1069056K
  class space    used 2682K, capacity 2739K, committed 2816K, reserved 1048576K
Event: 3553.318 GC heap after
Heap after GC invocations=5 (full 1):
 PSYoungGen      total 38400K, used 288K [0x00000000d5d00000, 0x00000000d8780000, 0x0000000100000000)
  eden space 33280K, 0% used [0x00000000d5d00000,0x00000000d5d00000,0x00000000d7d80000)
  from space 5120K, 5% used [0x00000000d8280000,0x00000000d82c8000,0x00000000d8780000)
  to   space 5120K, 0% used [0x00000000d7d80000,0x00000000d7d80000,0x00000000d8280000)
 ParOldGen       total 75776K, used 12596K [0x0000000081600000, 0x0000000086000000, 0x00000000d5d00000)
  object space 75776K, 16% used [0x0000000081600000,0x000000008224d3a0,0x0000000086000000)
 Metaspace       used 20878K, capacity 21094K, committed 21504K, reserved 1069056K
  class space    used 2682K, capacity 2739K, committed 2816K, reserved 1048576K
}
Event: 3554.560 GC heap before
{Heap before GC invocations=6 (full 1):
 PSYoungGen      total 38400K, used 33568K [0x00000000d5d00000, 0x00000000d8780000, 0x0000000100000000)
  eden space 33280K, 100% used [0x00000000d5d00000,0x00000000d7d80000,0x00000000d7d80000)
  from space 5120K, 5% used [0x00000000d8280000,0x00000000d82c8000,0x00000000d8780000)
  to   space 5120K, 0% used [0x00000000d7d80000,0x00000000d7d80000,0x00000000d8280000)
 ParOldGen       total 75776K, used 12596K [0x0000000081600000, 0x0000000086000000, 0x00000000d5d00000)
  object space 75776K, 16% used [0x0000000081600000,0x000000008224d3a0,0x0000000086000000)
 Metaspace       used 20988K, capacity 21222K, committed 21760K, reserved 1069056K
  class space    used 2682K, capacity 2739K, committed 2816K, reserved 1048576K
Event: 3554.561 GC heap after
Heap after GC invocations=6 (full 1):
 PSYoungGen      total 37888K, used 224K [0x00000000d5d00000, 0x00000000dc000000, 0x0000000100000000)
  eden space 32768K, 0% used [0x00000000d5d00000,0x00000000d5d00000,0x00000000d7d00000)
  from space 5120K, 4% used [0x00000000d7d80000,0x00000000d7db8000,0x00000000d8280000)
  to   space 34304K, 0% used [0x00000000d9e80000,0x00000000d9e80000,0x00000000dc000000)
 ParOldGen       total 75776K, used 12604K [0x0000000081600000, 0x0000000086000000, 0x00000000d5d00000)
  object space 75776K, 16% used [0x0000000081600000,0x000000008224f3a0,0x0000000086000000)
 Metaspace       used 20988K, capacity 21222K, committed 21760K, reserved 1069056K
  class space    used 2682K, capacity 2739K, committed 2816K, reserved 1048576K
}
Event: 4580.623 GC heap before
{Heap before GC invocations=7 (full 1):
 PSYoungGen      total 37888K, used 32992K [0x00000000d5d00000, 0x00000000dc000000, 0x0000000100000000)
  eden space 32768K, 100% used [0x00000000d5d00000,0x00000000d7d00000,0x00000000d7d00000)
  from space 5120K, 4% used [0x00000000d7d80000,0x00000000d7db8000,0x00000000d8280000)
  to   space 34304K, 0% used [0x00000000d9e80000,0x00000000d9e80000,0x00000000dc000000)
 ParOldGen       total 75776K, used 12604K [0x0000000081600000, 0x0000000086000000, 0x00000000d5d00000)
  object space 75776K, 16% used [0x0000000081600000,0x000000008224f3a0,0x0000000086000000)
 Metaspace       used 21044K, capacity 21286K, committed 21760K, reserved 1069056K
  class space    used 2682K, capacity 2739K, committed 2816K, reserved 1048576K
Event: 4580.629 GC heap after
Heap after GC invocations=7 (full 1):
 PSYoungGen      total 63488K, used 23106K [0x00000000d5d00000, 0x00000000dc680000, 0x0000000100000000)
  eden space 29184K, 0% used [0x00000000d5d00000,0x00000000d5d00000,0x00000000d7980000)
  from space 34304K, 67% used [0x00000000d9e80000,0x00000000db510a30,0x00000000dc000000)
  to   space 37888K, 0% used [0x00000000d7980000,0x00000000d7980000,0x00000000d9e80000)
 ParOldGen       total 75776K, used 12604K [0x0000000081600000, 0x0000000086000000, 0x00000000d5d00000)
  object space 75776K, 16% used [0x0000000081600000,0x000000008224f3a0,0x0000000086000000)
 Metaspace       used 21044K, capacity 21286K, committed 21760K, reserved 1069056K
  class space    used 2682K, capacity 2739K, committed 2816K, reserved 1048576K
}

Deoptimization events (10 events):
Event: 3551.495 Thread 0x0000000019720800 Uncommon trap: reason=class_check action=maybe_recompile pc=0x0000000003799624 method=javax.swing.table.DefaultTableCellRenderer.setValue(Ljava/lang/Object;)V @ 11
Event: 3551.495 Thread 0x0000000019720800 Uncommon trap: reason=class_check action=maybe_recompile pc=0x0000000003799624 method=javax.swing.table.DefaultTableCellRenderer.setValue(Ljava/lang/Object;)V @ 11
Event: 3551.495 Thread 0x0000000019720800 Uncommon trap: reason=class_check action=maybe_recompile pc=0x000000000377eb30 method=javax.swing.table.DefaultTableCellRenderer.setValue(Ljava/lang/Object;)V @ 11
Event: 3551.570 Thread 0x0000000019720800 Uncommon trap: reason=unstable_if action=reinterpret pc=0x00000000030e8f00 method=javax.swing.JComponent.paintChildren(Ljava/awt/Graphics;)V @ 29
Event: 3554.728 Thread 0x0000000019720800 Uncommon trap: reason=unstable_if action=reinterpret pc=0x0000000003a27ca8 method=sun.font.CMap$CMapFormat4.getGlyph(I)C @ 181
Event: 4021.345 Thread 0x0000000019720800 Uncommon trap: reason=unstable_if action=reinterpret pc=0x0000000003574e10 method=java.awt.Container.getMouseEventTargetImpl(IIZLjava/awt/Container$EventTargetFilter;ZZ)Ljava/awt/Component; @ 218
Event: 11481.854 Thread 0x0000000019720800 Uncommon trap: reason=unstable_if action=reinterpret pc=0x000000000388b670 method=javax.swing.plaf.synth.SynthBorder.getBorderInsets(Ljava/awt/Component;Ljava/awt/Insets;)Ljava/awt/Insets; @ 327
Event: 11481.940 Thread 0x0000000019720800 Uncommon trap: reason=unstable_if action=reinterpret pc=0x000000000309e6c0 method=sun.java2d.pipe.Region.getIntersectionXYXY(IIII)Lsun/java2d/pipe/Region; @ 55
Event: 11486.769 Thread 0x0000000019720800 Uncommon trap: reason=bimorphic action=maybe_recompile pc=0x00000000039a4078 method=java.beans.PropertyChangeSupport.firePropertyChange(Ljava/lang/String;Ljava/lang/Object;Ljava/lang/Object;)V @ 31
Event: 11486.770 Thread 0x0000000019720800 Uncommon trap: reason=bimorphic action=maybe_recompile pc=0x00000000039a4078 method=java.beans.PropertyChangeSupport.firePropertyChange(Ljava/lang/String;Ljava/lang/Object;Ljava/lang/Object;)V @ 31

Internal exceptions (10 events):
Event: 0.417 Thread 0x0000000019720800 Exception <a 'java/lang/ClassNotFoundException': ToolBarSeparator> (0x00000000d65c93f8) thrown at [C:\re\workspace\8-2-build-windows-amd64-cygwin\jdk8u111\7883\hotspot\src\share\vm\classfile\systemDictionary.cpp, line 210]
Event: 0.417 Thread 0x0000000019720800 Exception <a 'java/lang/ClassNotFoundException': ToolTip> (0x00000000d65c9a90) thrown at [C:\re\workspace\8-2-build-windows-amd64-cygwin\jdk8u111\7883\hotspot\src\share\vm\classfile\systemDictionary.cpp, line 210]
Event: 0.417 Thread 0x0000000019720800 Exception <a 'java/lang/ClassNotFoundException': Tree> (0x00000000d65ca120) thrown at [C:\re\workspace\8-2-build-windows-amd64-cygwin\jdk8u111\7883\hotspot\src\share\vm\classfile\systemDictionary.cpp, line 210]
Event: 0.417 Thread 0x0000000019720800 Exception <a 'java/lang/ClassNotFoundException': Tree> (0x00000000d65ca818) thrown at [C:\re\workspace\8-2-build-windows-amd64-cygwin\jdk8u111\7883\hotspot\src\share\vm\classfile\systemDictionary.cpp, line 210]
Event: 0.417 Thread 0x0000000019720800 Exception <a 'java/lang/ClassNotFoundException': javax/swing/JTreeCell> (0x00000000d65cab98) thrown at [C:\re\workspace\8-2-build-windows-amd64-cygwin\jdk8u111\7883\hotspot\src\share\vm\classfile\systemDictionary.cpp, line 210]
Event: 0.417 Thread 0x0000000019720800 Exception <a 'java/lang/ClassNotFoundException': TreeCell> (0x00000000d65cb020) thrown at [C:\re\workspace\8-2-build-windows-amd64-cygwin\jdk8u111\7883\hotspot\src\share\vm\classfile\systemDictionary.cpp, line 210]
Event: 0.418 Thread 0x0000000019720800 Exception <a 'java/lang/ClassNotFoundException': RootPane> (0x00000000d65cb840) thrown at [C:\re\workspace\8-2-build-windows-amd64-cygwin\jdk8u111\7883\hotspot\src\share\vm\classfile\systemDictionary.cpp, line 210]
Event: 2.976 Thread 0x0000000019739000 Implicit null exception at 0x0000000003059091 to 0x00000000030594ed
Event: 3.038 Thread 0x0000000019720800 Implicit null exception at 0x000000000314681a to 0x0000000003146b25
Event: 13.640 Thread 0x0000000019720800 Implicit null exception at 0x0000000003484c36 to 0x00000000034883fd

Events (10 events):
Event: 11481.854 Thread 0x0000000019720800 DEOPT UNPACKING pc=0x0000000002ea582a sp=0x000000001b86d3a8 mode 2
Event: 11481.940 Thread 0x0000000019720800 Uncommon trap: trap_request=0xffffff65 fr.pc=0x000000000309e6c0
Event: 11481.940 Thread 0x0000000019720800 DEOPT PACKING pc=0x000000000309e6c0 sp=0x000000001b86cad0
Event: 11481.940 Thread 0x0000000019720800 DEOPT UNPACKING pc=0x0000000002ea582a sp=0x000000001b86ca40 mode 2
Event: 11486.769 Thread 0x0000000019720800 Uncommon trap: trap_request=0xffffffc6 fr.pc=0x00000000039a4078
Event: 11486.769 Thread 0x0000000019720800 DEOPT PACKING pc=0x00000000039a4078 sp=0x000000001b86e150
Event: 11486.769 Thread 0x0000000019720800 DEOPT UNPACKING pc=0x0000000002ea582a sp=0x000000001b86e150 mode 2
Event: 11486.770 Thread 0x0000000019720800 Uncommon trap: trap_request=0xffffffc6 fr.pc=0x00000000039a4078
Event: 11486.770 Thread 0x0000000019720800 DEOPT PACKING pc=0x00000000039a4078 sp=0x000000001b86e150
Event: 11486.770 Thread 0x0000000019720800 DEOPT UNPACKING pc=0x0000000002ea582a sp=0x000000001b86e150 mode 2


Dynamic libraries:
0x00007ff70bb30000 - 0x00007ff70bb67000 	C:\Program Files\Java\jdk1.8.0_111\bin\java.exe
0x00007ffe2e610000 - 0x00007ffe2e7eb000 	C:\WINDOWS\SYSTEM32\ntdll.dll
0x00007ffe065f0000 - 0x00007ffe06623000 	C:\Program Files\AVAST Software\Avast\x64\aswhooka.dll
0x00007ffe2dba0000 - 0x00007ffe2dc4e000 	C:\WINDOWS\System32\KERNEL32.DLL
0x00007ffe2b8b0000 - 0x00007ffe2baf9000 	C:\WINDOWS\System32\KERNELBASE.dll
0x00007ffe2dff0000 - 0x00007ffe2e091000 	C:\WINDOWS\System32\ADVAPI32.dll
0x00007ffe2d9a0000 - 0x00007ffe2da3d000 	C:\WINDOWS\System32\msvcrt.dll
0x00007ffe2d6b0000 - 0x00007ffe2d709000 	C:\WINDOWS\System32\sechost.dll
0x00007ffe2e0a0000 - 0x00007ffe2e1c5000 	C:\WINDOWS\System32\RPCRT4.dll
0x00007ffe2dea0000 - 0x00007ffe2dfea000 	C:\WINDOWS\System32\USER32.dll
0x00007ffe2b890000 - 0x00007ffe2b8ae000 	C:\WINDOWS\System32\win32u.dll
0x00007ffe2d8c0000 - 0x00007ffe2d8e7000 	C:\WINDOWS\System32\GDI32.dll
0x00007ffe2b530000 - 0x00007ffe2b6b8000 	C:\WINDOWS\System32\gdi32full.dll
0x00007ffe2ace0000 - 0x00007ffe2ad7a000 	C:\WINDOWS\System32\msvcp_win.dll
0x00007ffe2ab30000 - 0x00007ffe2ac26000 	C:\WINDOWS\System32\ucrtbase.dll
0x00007ffe1c720000 - 0x00007ffe1c987000 	C:\WINDOWS\WinSxS\amd64_microsoft.windows.common-controls_6595b64144ccf1df_6.0.15063.483_none_26002d27e7c744a2\COMCTL32.dll
0x00007ffe2bb70000 - 0x00007ffe2be69000 	C:\WINDOWS\System32\combase.dll
0x00007ffe2bb00000 - 0x00007ffe2bb6a000 	C:\WINDOWS\System32\bcryptPrimitives.dll
0x00007ffe2dc50000 - 0x00007ffe2dc7d000 	C:\WINDOWS\System32\IMM32.DLL
0x000000005e830000 - 0x000000005e902000 	C:\Program Files\Java\jdk1.8.0_111\jre\bin\msvcr100.dll
0x000000005e910000 - 0x000000005f1aa000 	C:\Program Files\Java\jdk1.8.0_111\jre\bin\server\jvm.dll
0x00007ffe2db90000 - 0x00007ffe2db98000 	C:\WINDOWS\System32\PSAPI.DLL
0x00007ffe1be80000 - 0x00007ffe1be89000 	C:\WINDOWS\SYSTEM32\WSOCK32.dll
0x00007ffe2be70000 - 0x00007ffe2bedc000 	C:\WINDOWS\System32\WS2_32.dll
0x00007ffe28c70000 - 0x00007ffe28c93000 	C:\WINDOWS\SYSTEM32\WINMM.dll
0x00007ffe1ece0000 - 0x00007ffe1ecea000 	C:\WINDOWS\SYSTEM32\VERSION.dll
0x00007ffe28c40000 - 0x00007ffe28c6b000 	C:\WINDOWS\SYSTEM32\WINMMBASE.dll
0x00007ffe2ad80000 - 0x00007ffe2adc9000 	C:\WINDOWS\System32\cfgmgr32.dll
0x000000005e7e0000 - 0x000000005e7ef000 	C:\Program Files\Java\jdk1.8.0_111\jre\bin\verify.dll
0x000000005e7b0000 - 0x000000005e7d9000 	C:\Program Files\Java\jdk1.8.0_111\jre\bin\java.dll
0x000000005e790000 - 0x000000005e7a6000 	C:\Program Files\Java\jdk1.8.0_111\jre\bin\zip.dll
0x00007ffe2c080000 - 0x00007ffe2d4b7000 	C:\WINDOWS\System32\SHELL32.dll
0x00007ffe2d8f0000 - 0x00007ffe2d99a000 	C:\WINDOWS\System32\shcore.dll
0x00007ffe2ae30000 - 0x00007ffe2b523000 	C:\WINDOWS\System32\windows.storage.dll
0x00007ffe2d710000 - 0x00007ffe2d761000 	C:\WINDOWS\System32\shlwapi.dll
0x00007ffe2aa80000 - 0x00007ffe2aa91000 	C:\WINDOWS\System32\kernel.appcore.dll
0x00007ffe2aaa0000 - 0x00007ffe2aaec000 	C:\WINDOWS\System32\powrprof.dll
0x00007ffe2aaf0000 - 0x00007ffe2ab05000 	C:\WINDOWS\System32\profapi.dll
0x000000005e5b0000 - 0x000000005e748000 	C:\Program Files\Java\jdk1.8.0_111\jre\bin\awt.dll
0x00007ffe2d7d0000 - 0x00007ffe2d890000 	C:\WINDOWS\System32\OLEAUT32.dll
0x00007ffe291e0000 - 0x00007ffe2925e000 	C:\WINDOWS\SYSTEM32\apphelp.dll
0x00007ffe292a0000 - 0x00007ffe29335000 	C:\WINDOWS\system32\uxtheme.dll
0x00007ffe2d4c0000 - 0x00007ffe2d626000 	C:\WINDOWS\System32\MSCTF.dll
0x00007ffe08460000 - 0x00007ffe08501000 	C:\Program Files\Common Files\microsoft shared\ink\tiptsf.dll
0x00007ffe283d0000 - 0x00007ffe283fa000 	C:\WINDOWS\system32\dwmapi.dll
0x00007ffe2da40000 - 0x00007ffe2db85000 	C:\WINDOWS\System32\ole32.dll
0x000000005e560000 - 0x000000005e5a7000 	C:\Program Files\Java\jdk1.8.0_111\jre\bin\fontmanager.dll
0x000000005e770000 - 0x000000005e78a000 	C:\Program Files\Java\jdk1.8.0_111\jre\bin\net.dll
0x00007ffe2a330000 - 0x00007ffe2a38c000 	C:\WINDOWS\system32\mswsock.dll
0x000000005e750000 - 0x000000005e761000 	C:\Program Files\Java\jdk1.8.0_111\jre\bin\nio.dll
0x000000005e510000 - 0x000000005e552000 	C:\Program Files\Java\jdk1.8.0_111\jre\bin\t2k.dll
0x00007ffe25de0000 - 0x00007ffe25e62000 	C:\WINDOWS\System32\TextInputFramework.dll
0x00007ffe25820000 - 0x00007ffe25af2000 	C:\WINDOWS\System32\CoreUIComponents.dll
0x00007ffe282c0000 - 0x00007ffe283a3000 	C:\WINDOWS\System32\CoreMessaging.dll
0x00007ffe29d80000 - 0x00007ffe29db1000 	C:\WINDOWS\SYSTEM32\ntmarta.dll
0x00007ffe270c0000 - 0x00007ffe271f9000 	C:\WINDOWS\SYSTEM32\wintypes.dll
0x00007ffe27690000 - 0x00007ffe276a5000 	C:\WINDOWS\SYSTEM32\usermgrcli.dll
0x00007ffe2dcf0000 - 0x00007ffe2dd8e000 	C:\WINDOWS\System32\clbcatq.dll
0x00007ffe08170000 - 0x00007ffe08335000 	C:\Windows\System32\uiautomationcore.dll
0x00007ffe2a850000 - 0x00007ffe2a8ea000 	C:\WINDOWS\SYSTEM32\sxs.dll
0x00007ffe06d60000 - 0x00007ffe06dcb000 	C:\Windows\System32\OLEACC.dll
0x00007ffe08a60000 - 0x00007ffe08ae2000 	C:\WINDOWS\SYSTEM32\twinapi.dll
0x00007ffe29400000 - 0x00007ffe29570000 	C:\WINDOWS\SYSTEM32\twinapi.appcore.dll
0x00007ffe2a9c0000 - 0x00007ffe2a9e5000 	C:\WINDOWS\SYSTEM32\bcrypt.dll
0x000000005e4d0000 - 0x000000005e4fa000 	C:\Program Files\Java\jdk1.8.0_111\jre\bin\dcpr.dll
0x00007ffe2a120000 - 0x00007ffe2a1c4000 	C:\WINDOWS\SYSTEM32\DNSAPI.dll
0x00007ffe2dce0000 - 0x00007ffe2dce8000 	C:\WINDOWS\System32\NSI.dll
0x00007ffe2a0d0000 - 0x00007ffe2a107000 	C:\WINDOWS\SYSTEM32\IPHLPAPI.DLL
0x0000000060510000 - 0x0000000060536000 	C:\Program Files\Bonjour\mdnsNSP.dll
0x00007ffe1ae30000 - 0x00007ffe1ae3a000 	C:\Windows\System32\rasadhlp.dll
0x00007ffe24b20000 - 0x00007ffe24b8b000 	C:\WINDOWS\System32\fwpuclnt.dll
0x00007ffe248d0000 - 0x00007ffe24a7c000 	C:\WINDOWS\SYSTEM32\WindowsCodecs.dll
0x00007ffe03850000 - 0x00007ffe03897000 	C:\WINDOWS\system32\dataexchange.dll
0x00007ffe27c10000 - 0x00007ffe27eef000 	C:\WINDOWS\system32\d3d11.dll
0x00007ffe28a60000 - 0x00007ffe28b82000 	C:\WINDOWS\system32\dcomp.dll
0x00007ffe298f0000 - 0x00007ffe29994000 	C:\WINDOWS\system32\dxgi.dll
0x00007ffe16f10000 - 0x00007ffe170b9000 	C:\WINDOWS\SYSTEM32\dbghelp.dll

VM Arguments:
jvm_args: -Dfile.encoding=UTF-8 
java_command: imnsu.imnsu
java_class_path (initial): C:\Users\Nacho\Documents\imnsu\lib\swingx-1.6.1.jar;C:\Users\Nacho\Documents\imnsu\lib\absolutelayout\AbsoluteLayout.jar;C:\Users\Nacho\Documents\imnsu\lib\postgresql-9.3-1102.jdbc4.jar;C:\Users\Nacho\Documents\imnsu\build\classes
Launcher Type: SUN_STANDARD

Environment Variables:
PATH=C:\ProgramData\Oracle\Java\javapath;C:\WINDOWS\system32;C:\WINDOWS;C:\WINDOWS\System32\Wbem;C:\WINDOWS\System32\WindowsPowerShell\v1.0\;C:\PROGRA~2\PICC;C:\Program Files\Microsoft SQL Server\120\Tools\Binn\;C:\Program Files\Microsoft SQL Server\Client SDK\ODBC\110\Tools\Binn\;C:\Program Files (x86)\Microsoft SQL Server\120\Tools\Binn\;C:\Program Files\Microsoft SQL Server\120\DTS\Binn\;C:\Program Files (x86)\Microsoft SQL Server\120\Tools\Binn\ManagementStudio\;C:\Program Files (x86)\Microsoft SQL Server\120\DTS\Binn\;C:\Users\Nacho\AppData\Local\Microsoft\WindowsApps;
USERNAME=Nacho
OS=Windows_NT
PROCESSOR_IDENTIFIER=Intel64 Family 6 Model 78 Stepping 3, GenuineIntel



---------------  S Y S T E M  ---------------

OS: Windows 10.0 , 64 bit Build 15063 (10.0.15063.296)

CPU:total 4 (2 cores per cpu, 2 threads per core) family 6 model 78 stepping 3, cmov, cx8, fxsr, mmx, sse, sse2, sse3, ssse3, sse4.1, sse4.2, popcnt, avx, avx2, aes, clmul, erms, 3dnowpref, lzcnt, ht, tsc, tscinvbit, bmi1, bmi2, adx

Memory: 4k page, physical 8292256k(3083740k free), swap 9602976k(1669164k free)

vm_info: Java HotSpot(TM) 64-Bit Server VM (25.111-b14) for windows-amd64 JRE (1.8.0_111-b14), built on Sep 22 2016 19:24:05 by "java_re" with MS VC++ 10.0 (VS2010)

time: Tue Aug 29 20:27:23 2017
elapsed time: 11521 seconds (0d 3h 12m 1s)

